success predict file 0_00000005_005.png with probability 100.0%
success predict file 0_00000009_000.png with probability 100.0%
success predict file 0_00000011_000.png with probability 100.0%
success predict file 0_00000013_017.png with probability 99.98484253883362%
success predict file 0_00000013_021.png with probability 98.40924739837646%
success predict file 0_00000017_000.png with probability 100.0%
success predict file 0_00000038_005.png with probability 99.99804496765137%
success predict file 0_00000041_004.png with probability 100.0%
success predict file 0_00000042_003.png with probability 100.0%
success predict file 0_00000049_001.png with probability 100.0%
success predict file 0_00000050_003.png with probability 100.0%
success predict file 0_00000054_006.png with probability 100.0%
success predict file 0_00000055_000.png with probability 100.0%
success predict file 0_00000058_000.png with probability 99.99979138374329%
success predict file 0_00000061_013.png with probability 100.0%
success predict file 0_00000061_019.png with probability 100.0%
success predict file 0_00000078_000.png with probability 100.0%
success predict file 0_00000084_000.png with probability 100.0%
success predict file 0_00000090_008.png with probability 100.0%
success predict file 0_00000090_010.png with probability 100.0%
success predict file 0_00000099_008.png with probability 99.51896071434021%
success predict file 0_00000099_012.png with probability 99.98505711555481%
success predict file 0_00000108_000.png with probability 100.0%
success predict file 0_00000116_007.png with probability 99.99197721481323%
fail to calssify file 0_00000116_012.png, result is: [[ 0.96189642]] success predict file 0_00000116_030.png with probability 99.97878670692444%
success predict file 0_00000118_000.png with probability 100.0%
success predict file 0_00000118_009.png with probability 99.81303215026855%
success predict file 0_00000121_004.png with probability 100.0%
success predict file 0_00000121_009.png with probability 100.0%
success predict file 0_00000143_001.png with probability 100.0%
success predict file 0_00000148_001.png with probability 100.0%
success predict file 0_00000164_000.png with probability 99.99999403953552%
success predict file 0_00000165_008.png with probability 100.0%
success predict file 0_00000173_000.png with probability 100.0%
success predict file 0_00000181_009.png with probability 99.98401403427124%
success predict file 0_00000181_029.png with probability 93.70144605636597%
success predict file 0_00000183_001.png with probability 100.0%
success predict file 0_00000194_002.png with probability 100.0%
success predict file 0_00000199_003.png with probability 100.0%
success predict file 0_00000211_000.png with probability 100.0%
success predict file 0_00000211_001.png with probability 100.0%
success predict file 0_00000211_010.png with probability 100.0%
success predict file 0_00000211_019.png with probability 99.94603395462036%
success predict file 0_00000218_008.png with probability 100.0%
success predict file 0_00000225_001.png with probability 100.0%
success predict file 0_00000230_007.png with probability 100.0%
success predict file 0_00000231_001.png with probability 99.9992847442627%
success predict file 0_00000231_005.png with probability 100.0%
success predict file 0_00000231_006.png with probability 99.99973177909851%
success predict file 0_00000240_000.png with probability 100.0%
success predict file 0_00000246_001.png with probability 100.0%
success predict file 0_00000246_018.png with probability 100.0%
success predict file 0_00000251_002.png with probability 99.99873638153076%
success predict file 0_00000255_005.png with probability 99.99030232429504%
success predict file 0_00000264_000.png with probability 100.0%
success predict file 0_00000271_002.png with probability 99.91247057914734%
success predict file 0_00000278_006.png with probability 100.0%
success predict file 0_00000280_001.png with probability 100.0%
success predict file 0_00000292_000.png with probability 100.0%
success predict file 0_00000293_000.png with probability 100.0%
success predict file 0_00000310_002.png with probability 100.0%
success predict file 0_00000318_004.png with probability 100.0%
success predict file 0_00000329_000.png with probability 100.0%
success predict file 0_00000340_001.png with probability 100.0%
success predict file 0_00000348_001.png with probability 100.0%
success predict file 0_00000360_006.png with probability 100.0%
success predict file 0_00000368_003.png with probability 100.0%
success predict file 0_00000370_000.png with probability 100.0%
success predict file 0_00000372_006.png with probability 100.0%
success predict file 0_00000376_007.png with probability 100.0%
success predict file 0_00000376_013.png with probability 100.0%
success predict file 0_00000381_000.png with probability 95.89136242866516%
success predict file 0_00000383_002.png with probability 100.0%
success predict file 0_00000385_004.png with probability 100.0%
success predict file 0_00000387_000.png with probability 100.0%
success predict file 0_00000391_003.png with probability 100.0%
success predict file 0_00000391_007.png with probability 100.0%
fail to calssify file 0_00000402_006.png, result is: [[ 0.99452519]] success predict file 0_00000410_002.png with probability 100.0%
success predict file 0_00000412_003.png with probability 100.0%
success predict file 0_00000415_000.png with probability 100.0%
success predict file 0_00000422_001.png with probability 100.0%
success predict file 0_00000422_002.png with probability 100.0%
success predict file 0_00000431_001.png with probability 100.0%
success predict file 0_00000449_001.png with probability 100.0%
success predict file 0_00000459_016.png with probability 100.0%
success predict file 0_00000459_031.png with probability 100.0%
success predict file 0_00000459_039.png with probability 99.99526143074036%
success predict file 0_00000459_058.png with probability 100.0%
success predict file 0_00000468_006.png with probability 100.0%
success predict file 0_00000468_012.png with probability 100.0%
success predict file 0_00000468_017.png with probability 75.50716400146484%
fail to calssify file 0_00000468_058.png, result is: [[ 0.68963259]] success predict file 0_00000470_000.png with probability 100.0%
success predict file 0_00000489_002.png with probability 99.92915391921997%
success predict file 0_00000490_000.png with probability 100.0%
success predict file 0_00000492_001.png with probability 100.0%
success predict file 0_00000498_001.png with probability 99.99862313270569%
success predict file 0_00000499_004.png with probability 94.47514414787292%
success predict file 0_00000500_000.png with probability 100.0%
success predict file 0_00000506_005.png with probability 99.99970197677612%
success predict file 0_00000506_013.png with probability 99.99994039535522%
success predict file 0_00000509_000.png with probability 100.0%
success predict file 0_00000522_003.png with probability 99.99995827674866%
success predict file 0_00000540_001.png with probability 100.0%
success predict file 0_00000544_000.png with probability 100.0%
success predict file 0_00000545_006.png with probability 100.0%
success predict file 0_00000545_007.png with probability 100.0%
success predict file 0_00000552_001.png with probability 100.0%
success predict file 0_00000561_000.png with probability 100.0%
success predict file 0_00000573_000.png with probability 99.99392628669739%
success predict file 0_00000583_002.png with probability 99.87261295318604%
success predict file 0_00000583_011.png with probability 99.9998152256012%
success predict file 0_00000583_016.png with probability 99.9995470046997%
success predict file 0_00000583_057.png with probability 100.0%
success predict file 0_00000613_002.png with probability 100.0%
success predict file 0_00000618_000.png with probability 100.0%
success predict file 0_00000618_008.png with probability 100.0%
success predict file 0_00000623_010.png with probability 100.0%
success predict file 0_00000626_000.png with probability 100.0%
success predict file 0_00000627_007.png with probability 95.56648135185242%
success predict file 0_00000631_001.png with probability 100.0%
success predict file 0_00000631_005.png with probability 100.0%
success predict file 0_00000632_001.png with probability 100.0%
success predict file 0_00000637_000.png with probability 100.0%
success predict file 0_00000652_001.png with probability 100.0%
success predict file 0_00000652_010.png with probability 99.99999403953552%
success predict file 0_00000655_001.png with probability 99.6315062046051%
success predict file 0_00000669_000.png with probability 100.0%
success predict file 0_00000702_002.png with probability 100.0%
success predict file 0_00000741_004.png with probability 100.0%
success predict file 0_00000744_013.png with probability 99.99999403953552%
success predict file 0_00000761_009.png with probability 99.96128678321838%
success predict file 0_00000766_025.png with probability 53.27458381652832%
success predict file 0_00000772_009.png with probability 100.0%
success predict file 0_00000796_004.png with probability 100.0%
success predict file 0_00000798_015.png with probability 100.0%
success predict file 0_00000798_029.png with probability 100.0%
success predict file 0_00000798_039.png with probability 87.2007429599762%
success predict file 0_00000800_000.png with probability 100.0%
success predict file 0_00000808_006.png with probability 99.99921321868896%
success predict file 0_00000812_000.png with probability 100.0%
success predict file 0_00000814_000.png with probability 100.0%
success predict file 0_00000814_002.png with probability 100.0%
success predict file 0_00000820_028.png with probability 99.99998211860657%
success predict file 0_00000840_000.png with probability 100.0%
success predict file 0_00000843_000.png with probability 100.0%
success predict file 0_00000852_000.png with probability 100.0%
success predict file 0_00000869_001.png with probability 100.0%
success predict file 0_00000882_004.png with probability 100.0%
success predict file 0_00000890_000.png with probability 99.99989867210388%
success predict file 0_00000892_002.png with probability 100.0%
success predict file 0_00000896_000.png with probability 100.0%
success predict file 0_00000914_000.png with probability 100.0%
success predict file 0_00000915_000.png with probability 100.0%
success predict file 0_00000920_001.png with probability 99.99998807907104%
success predict file 0_00000927_004.png with probability 100.0%
success predict file 0_00000929_001.png with probability 99.996817111969%
success predict file 0_00000954_006.png with probability 100.0%
success predict file 0_00000963_020.png with probability 100.0%
success predict file 0_00000971_002.png with probability 100.0%
success predict file 0_00000974_003.png with probability 100.0%
success predict file 0_00000975_001.png with probability 100.0%
success predict file 0_00000980_001.png with probability 100.0%
success predict file 0_00000980_002.png with probability 100.0%
success predict file 0_00000999_000.png with probability 99.99645948410034%
success predict file 0_00001005_001.png with probability 100.0%
success predict file 0_00001006_023.png with probability 99.99975562095642%
success predict file 0_00001024_000.png with probability 100.0%
success predict file 0_00001029_010.png with probability 100.0%
success predict file 0_00001029_014.png with probability 99.99406933784485%
success predict file 0_00001041_000.png with probability 100.0%
success predict file 0_00001053_000.png with probability 100.0%
success predict file 0_00001070_000.png with probability 100.0%
success predict file 0_00001072_002.png with probability 100.0%
success predict file 0_00001074_003.png with probability 100.0%
success predict file 0_00001075_043.png with probability 100.0%
success predict file 0_00001075_048.png with probability 100.0%
success predict file 0_00001082_004.png with probability 100.0%
success predict file 0_00001084_001.png with probability 100.0%
success predict file 0_00001088_007.png with probability 100.0%
success predict file 0_00001088_017.png with probability 100.0%
success predict file 0_00001089_002.png with probability 100.0%
success predict file 0_00001093_001.png with probability 100.0%
success predict file 0_00001100_001.png with probability 100.0%
success predict file 0_00001101_000.png with probability 100.0%
success predict file 0_00001104_008.png with probability 100.0%
success predict file 0_00001104_018.png with probability 100.0%
success predict file 0_00001108_002.png with probability 100.0%
success predict file 0_00001109_000.png with probability 100.0%
success predict file 0_00001122_007.png with probability 99.99999403953552%
success predict file 0_00001124_000.png with probability 100.0%
success predict file 0_00001133_000.png with probability 100.0%
success predict file 0_00001136_003.png with probability 100.0%
success predict file 0_00001151_008.png with probability 100.0%
success predict file 0_00001158_001.png with probability 100.0%
success predict file 0_00001170_028.png with probability 100.0%
success predict file 0_00001182_000.png with probability 100.0%
success predict file 0_00001190_000.png with probability 99.97825622558594%
success predict file 0_00001190_001.png with probability 100.0%
success predict file 0_00001200_009.png with probability 100.0%
success predict file 0_00001203_015.png with probability 100.0%
success predict file 0_00001205_007.png with probability 100.0%
fail to calssify file 0_00001208_001_fh.png, result is: [[ 0.99999928]] success predict file 0_00001213_003.png with probability 100.0%
success predict file 0_00001221_004.png with probability 100.0%
success predict file 0_00001222_008.png with probability 99.97658729553223%
success predict file 0_00001241_000.png with probability 100.0%
success predict file 0_00001248_002.png with probability 99.9991774559021%
success predict file 0_00001250_005.png with probability 99.99961256980896%
success predict file 0_00001250_017.png with probability 100.0%
success predict file 0_00001252_002.png with probability 99.99899864196777%
success predict file 0_00001255_028.png with probability 99.97388124465942%
success predict file 0_00001255_029.png with probability 99.99780654907227%
success predict file 0_00001255_033.png with probability 94.95777487754822%
success predict file 0_00001256_008.png with probability 100.0%
success predict file 0_00001301_008.png with probability 100.0%
success predict file 0_00001301_036.png with probability 99.97951984405518%
success predict file 0_00001301_037.png with probability 100.0%
success predict file 0_00001309_001.png with probability 100.0%
success predict file 0_00001315_000.png with probability 100.0%
success predict file 0_00001315_001.png with probability 99.99998211860657%
success predict file 0_00001326_005.png with probability 100.0%
success predict file 0_00001327_000.png with probability 100.0%
success predict file 0_00001330_004.png with probability 100.0%
success predict file 0_00001333_000.png with probability 100.0%
success predict file 0_00001421_001.png with probability 100.0%
success predict file 0_00001429_009.png with probability 100.0%
success predict file 0_00001549_019.png with probability 100.0%
success predict file 0_00001637_010.png with probability 100.0%
success predict file 0_00001657_000.png with probability 99.99999403953552%
success predict file 0_00001674_002.png with probability 100.0%
success predict file 0_00001724_010.png with probability 100.0%
success predict file 0_00001761_002.png with probability 100.0%
fail to calssify file 0_00001836_005.png, result is: [[ 0.90035844]] success predict file 0_00001836_131.png with probability 63.30338716506958%
success predict file 0_00002000_007.png with probability 100.0%
success predict file 0_00002058_002.png with probability 100.0%
success predict file 0_00002072_001.png with probability 99.99986290931702%
success predict file 0_00002146_003.png with probability 99.99999403953552%
success predict file 0_00002239_009.png with probability 100.0%
success predict file 0_00002323_001.png with probability 99.99958872795105%
success predict file 0_00002330_003.png with probability 99.99992251396179%
success predict file 0_00002404_000.png with probability 100.0%
success predict file 0_00002405_001.png with probability 100.0%
success predict file 0_00002411_007.png with probability 100.0%
success predict file 0_00002478_006.png with probability 100.0%
success predict file 0_00002491_009.png with probability 100.0%
success predict file 0_00002566_002.png with probability 99.98872876167297%
success predict file 0_00002649_003.png with probability 99.01070594787598%
success predict file 0_00002655_004.png with probability 99.99997615814209%
success predict file 0_00002656_000.png with probability 100.0%
success predict file 0_00002743_000.png with probability 100.0%
success predict file 0_00002888_000.png with probability 100.0%
success predict file 0_00002986_001.png with probability 100.0%
success predict file 0_00003052_002.png with probability 100.0%
success predict file 0_00003072_024.png with probability 99.89560842514038%
success predict file 0_00003224_000.png with probability 100.0%
success predict file 0_00003230_006.png with probability 100.0%
success predict file 0_00003390_001.png with probability 94.50170397758484%
success predict file 0_00003392_003.png with probability 100.0%
success predict file 0_00003490_009.png with probability 99.99992251396179%
success predict file 0_00003534_016.png with probability 100.0%
success predict file 0_00003644_004.png with probability 100.0%
success predict file 0_00003732_000.png with probability 100.0%
success predict file 0_00003879_002.png with probability 99.99898672103882%
success predict file 0_00006604_002.png with probability 100.0%
success predict file 0_00006851_034.png with probability 100.0%
success predict file 0_00007060_016.png with probability 100.0%
success predict file 0_00007243_000.png with probability 100.0%
success predict file 0_00007664_000.png with probability 99.99862909317017%
success predict file 0_00007930_005.png with probability 100.0%
success predict file 0_00008395_003.png with probability 99.86186027526855%
success predict file 0_00008477_003.png with probability 99.99997019767761%
success predict file 0_00008911_002.png with probability 100.0%
success predict file 0_00009037_000.png with probability 100.0%
success predict file 0_00013964_000.png with probability 100.0%
success predict file 0_00013993_021.png with probability 99.9614417552948%
success predict file 0_00014197_008.png with probability 100.0%
success predict file 0_00014251_010.png with probability 100.0%
success predict file 0_00014281_000.png with probability 99.99989867210388%
success predict file 0_00014615_001.png with probability 100.0%
success predict file 0_00014688_001.png with probability 100.0%
success predict file 0_00015190_007.png with probability 99.91763830184937%
success predict file 0_00015594_000.png with probability 100.0%
success predict file 0_00015758_000.png with probability 99.99950528144836%
success predict file 0_00015856_006.png with probability 100.0%
success predict file 0_00028553_000.png with probability 100.0%
success predict file 0_00028864_001.png with probability 99.9911367893219%
success predict file 0_00029036_000.png with probability 100.0%
success predict file 0_00029365_000.png with probability 100.0%
success predict file 0_00029750_001.png with probability 100.0%
success predict file 0_00030046_006.png with probability 100.0%
success predict file 0_00030079_018.png with probability 99.99995231628418%
success predict file 0_00030134_002.png with probability 100.0%
success predict file 0_00030544_000.png with probability 100.0%
success predict file 0_10.1224.176.1104.132.149.20151202093241.34.png with probability 100.0%
success predict file 0_10.1224.176.1104.132.149.20151203092917.74.png with probability 100.0%
success predict file 0_10.1224.176.1104.132.149.20151203094431.100.png with probability 100.0%
success predict file 0_10.1224.176.1104.132.149.20151203100624.130.png with probability 100.0%
success predict file 0_10.1224.176.1104.132.149.20151203113953.176.png with probability 100.0%
success predict file 0_164.122.1159.1243.1221.1116.20151202083048.16.png with probability 100.0%
success predict file 0_164.122.1159.1243.1221.1116.20151202103012.20.png with probability 100.0%
success predict file 0_164.122.1159.1243.1221.1116.20151202113543.58.png with probability 100.0%
success predict file 0_164.122.1159.1243.1247.19.20141207093033.16.png with probability 100.0%
success predict file 0_196.1164.176.1178.196.192.20141204110425.44.png with probability 100.0%
success predict file 0_196.1164.176.1178.196.192.20141204154040.16.png with probability 100.0%
success predict file 0_196.1164.176.1178.196.192.20141206105806.32.png with probability 100.0%
success predict file 0_196.1164.176.1178.196.192.20141206164254.12.png with probability 100.0%
success predict file 0_196.1164.176.1178.196.192.20141207155426.32.png with probability 100.0%
success predict file 0_196.1164.176.1178.196.192.20141207163147.58.png with probability 100.0%
success predict file 1_00000005_005_fh.png with probability 100.0%
success predict file 1_00000009_000_fh.png with probability 100.0%
success predict file 1_00000011_000_fh.png with probability 100.0%
success predict file 1_00000013_017_fh.png with probability 99.99639987945557%
success predict file 1_00000013_021_fh.png with probability 95.91293931007385%
success predict file 1_00000017_000_fh.png with probability 99.99998807907104%
success predict file 1_00000038_005_fh.png with probability 99.99608993530273%
success predict file 1_00000041_004_fh.png with probability 100.0%
success predict file 1_00000042_003_fh.png with probability 100.0%
success predict file 1_00000049_001_fh.png with probability 100.0%
success predict file 1_00000050_003_fh.png with probability 100.0%
success predict file 1_00000054_006_fh.png with probability 100.0%
success predict file 1_00000055_000_fh.png with probability 99.99939203262329%
fail to calssify file 1_00000058_000_fh.png, result is: [[ 0.00240894]] success predict file 1_00000061_013_fh.png with probability 99.99978542327881%
success predict file 1_00000061_019_fh.png with probability 99.99995231628418%
success predict file 1_00000078_000_fh.png with probability 100.0%
success predict file 1_00000084_000_fh.png with probability 92.92706847190857%
success predict file 1_00000090_008_fh.png with probability 86.46525144577026%
success predict file 1_00000090_010_fh.png with probability 100.0%
success predict file 1_00000099_008_fh.png with probability 85.61975359916687%
fail to calssify file 1_00000099_012_fh.png, result is: [[ 0.02398949]] success predict file 1_00000108_000_fh.png with probability 99.99998807907104%
success predict file 1_00000116_007_fh.png with probability 99.99793767929077%
fail to calssify file 1_00000116_012_fh.png, result is: [[ 0.03223162]] success predict file 1_00000116_030_fh.png with probability 99.79518055915833%
success predict file 1_00000118_000_fh.png with probability 100.0%
success predict file 1_00000118_009_fh.png with probability 99.99998807907104%
success predict file 1_00000121_004_fh.png with probability 100.0%
success predict file 1_00000121_009_fh.png with probability 100.0%
success predict file 1_00000143_001_fh.png with probability 100.0%
success predict file 1_00000148_001_fh.png with probability 100.0%
success predict file 1_00000164_000_fh.png with probability 100.0%
success predict file 1_00000165_008_fh.png with probability 100.0%
success predict file 1_00000173_000_fh.png with probability 100.0%
success predict file 1_00000181_009_fh.png with probability 99.9929428100586%
success predict file 1_00000181_029_fh.png with probability 99.97022747993469%
success predict file 1_00000183_001_fh.png with probability 100.0%
success predict file 1_00000194_002_fh.png with probability 100.0%
success predict file 1_00000199_003_fh.png with probability 100.0%
success predict file 1_00000211_000_fh.png with probability 100.0%
success predict file 1_00000211_001_fh.png with probability 100.0%
success predict file 1_00000211_010_fh.png with probability 100.0%
success predict file 1_00000211_019_fh.png with probability 98.783278465271%
success predict file 1_00000218_008_fh.png with probability 99.99498128890991%
success predict file 1_00000225_001_fh.png with probability 100.0%
success predict file 1_00000230_007_fh.png with probability 100.0%
success predict file 1_00000231_001_fh.png with probability 99.9976634979248%
success predict file 1_00000231_005_fh.png with probability 100.0%
success predict file 1_00000231_006_fh.png with probability 99.99997615814209%
success predict file 1_00000240_000_fh.png with probability 99.3160605430603%
success predict file 1_00000246_001_fh.png with probability 100.0%
success predict file 1_00000246_018_fh.png with probability 99.99786615371704%
success predict file 1_00000251_002_fh.png with probability 99.97232556343079%
success predict file 1_00000255_005_fh.png with probability 99.99960660934448%
success predict file 1_00000264_000_fh.png with probability 99.99996423721313%
success predict file 1_00000271_002_fh.png with probability 99.99991655349731%
success predict file 1_00000278_006_fh.png with probability 99.99996423721313%
success predict file 1_00000280_001_fh.png with probability 100.0%
success predict file 1_00000292_000_fh.png with probability 100.0%
success predict file 1_00000293_000_fh.png with probability 100.0%
success predict file 1_00000310_002_fh.png with probability 100.0%
success predict file 1_00000318_004_fh.png with probability 100.0%
success predict file 1_00000329_000_fh.png with probability 95.21244764328003%
success predict file 1_00000340_001_fh.png with probability 100.0%
success predict file 1_00000348_001_fh.png with probability 100.0%
success predict file 1_00000360_006_fh.png with probability 100.0%
success predict file 1_00000368_003_fh.png with probability 100.0%
success predict file 1_00000370_000_fh.png with probability 100.0%
success predict file 1_00000372_006_fh.png with probability 99.99452829360962%
success predict file 1_00000376_007_fh.png with probability 99.99998807907104%
success predict file 1_00000376_013_fh.png with probability 100.0%
success predict file 1_00000381_000_fh.png with probability 93.87620687484741%
success predict file 1_00000383_002_fh.png with probability 100.0%
success predict file 1_00000385_004_fh.png with probability 100.0%
success predict file 1_00000387_000_fh.png with probability 100.0%
success predict file 1_00000391_003_fh.png with probability 100.0%
success predict file 1_00000391_007_fh.png with probability 100.0%
fail to calssify file 1_00000402_006_fh.png, result is: [[ 0.00224461]] success predict file 1_00000410_002_fh.png with probability 100.0%
success predict file 1_00000412_003_fh.png with probability 100.0%
success predict file 1_00000415_000_fh.png with probability 100.0%
success predict file 1_00000422_001_fh.png with probability 100.0%
success predict file 1_00000422_002_fh.png with probability 100.0%
success predict file 1_00000431_001_fh.png with probability 99.99992847442627%
success predict file 1_00000449_001_fh.png with probability 100.0%
success predict file 1_00000459_016_fh.png with probability 100.0%
success predict file 1_00000459_031_fh.png with probability 100.0%
success predict file 1_00000459_039_fh.png with probability 99.2987334728241%
success predict file 1_00000459_058_fh.png with probability 100.0%
success predict file 1_00000468_006_fh.png with probability 100.0%
success predict file 1_00000468_012_fh.png with probability 99.99998807907104%
success predict file 1_00000468_017_fh.png with probability 91.4290189743042%
success predict file 1_00000468_058_fh.png with probability 98.79035353660583%
success predict file 1_00000470_000_fh.png with probability 99.99483823776245%
success predict file 1_00000489_002_fh.png with probability 94.35337781906128%
success predict file 1_00000490_000_fh.png with probability 100.0%
success predict file 1_00000492_001_fh.png with probability 100.0%
success predict file 1_00000498_001_fh.png with probability 98.5506534576416%
fail to calssify file 1_00000499_004_fh.png, result is: [[ 0.09724013]] success predict file 1_00000500_000_fh.png with probability 100.0%
success predict file 1_00000506_005_fh.png with probability 99.99997615814209%
success predict file 1_00000506_013_fh.png with probability 100.0%
success predict file 1_00000509_000_fh.png with probability 100.0%
success predict file 1_00000522_003_fh.png with probability 93.68053078651428%
success predict file 1_00000540_001_fh.png with probability 99.994957447052%
success predict file 1_00000544_000_fh.png with probability 100.0%
success predict file 1_00000545_006_fh.png with probability 100.0%
success predict file 1_00000545_007_fh.png with probability 100.0%
success predict file 1_00000552_001_fh.png with probability 100.0%
success predict file 1_00000561_000_fh.png with probability 100.0%
fail to calssify file 1_00000573_000_fh.png, result is: [[ 0.0201254]] success predict file 1_00000583_002_fh.png with probability 99.64110255241394%
fail to calssify file 1_00000583_011_fh.png, result is: [[ 0.15228802]] success predict file 1_00000583_016_fh.png with probability 99.79224801063538%
success predict file 1_00000583_057_fh.png with probability 100.0%
success predict file 1_00000613_002_fh.png with probability 100.0%
success predict file 1_00000618_000_fh.png with probability 100.0%
success predict file 1_00000618_008_fh.png with probability 99.99673366546631%
success predict file 1_00000623_010_fh.png with probability 100.0%
success predict file 1_00000626_000_fh.png with probability 100.0%
success predict file 1_00000627_007_fh.png with probability 85.02407670021057%
success predict file 1_00000631_001_fh.png with probability 99.9998688697815%
success predict file 1_00000631_005_fh.png with probability 100.0%
success predict file 1_00000632_001_fh.png with probability 99.50630068778992%
success predict file 1_00000637_000_fh.png with probability 100.0%
success predict file 1_00000652_001_fh.png with probability 100.0%
success predict file 1_00000652_010_fh.png with probability 99.91651773452759%
success predict file 1_00000655_001_fh.png with probability 88.33979964256287%
success predict file 1_00000669_000_fh.png with probability 99.99998807907104%
success predict file 1_00000702_002_fh.png with probability 100.0%
success predict file 1_00000741_004_fh.png with probability 99.99995231628418%
success predict file 1_00000744_013_fh.png with probability 99.99808073043823%
success predict file 1_00000761_009_fh.png with probability 99.99998807907104%
success predict file 1_00000766_025_fh.png with probability 85.7744574546814%
success predict file 1_00000772_009_fh.png with probability 100.0%
success predict file 1_00000796_004_fh.png with probability 100.0%
success predict file 1_00000798_015_fh.png with probability 100.0%
success predict file 1_00000798_029_fh.png with probability 100.0%
success predict file 1_00000798_039_fh.png with probability 99.59685802459717%
success predict file 1_00000800_000_fh.png with probability 99.99960660934448%
success predict file 1_00000808_006_fh.png with probability 75.51487684249878%
success predict file 1_00000812_000_fh.png with probability 100.0%
success predict file 1_00000814_000_fh.png with probability 100.0%
success predict file 1_00000814_002_fh.png with probability 100.0%
success predict file 1_00000820_028_fh.png with probability 99.99996423721313%
success predict file 1_00000840_000_fh.png with probability 100.0%
success predict file 1_00000843_000_fh.png with probability 100.0%
success predict file 1_00000852_000_fh.png with probability 99.99994039535522%
success predict file 1_00000869_001_fh.png with probability 100.0%
success predict file 1_00000882_004_fh.png with probability 100.0%
success predict file 1_00000890_000_fh.png with probability 99.59356784820557%
success predict file 1_00000892_002_fh.png with probability 100.0%
success predict file 1_00000896_000_fh.png with probability 100.0%
success predict file 1_00000914_000_fh.png with probability 100.0%
success predict file 1_00000915_000_fh.png with probability 100.0%
success predict file 1_00000920_001_fh.png with probability 99.99841451644897%
success predict file 1_00000927_004_fh.png with probability 100.0%
success predict file 1_00000929_001_fh.png with probability 94.8294997215271%
success predict file 1_00000954_006_fh.png with probability 99.99996423721313%
success predict file 1_00000963_020_fh.png with probability 100.0%
success predict file 1_00000971_002_fh.png with probability 100.0%
success predict file 1_00000974_003_fh.png with probability 100.0%
success predict file 1_00000975_001_fh.png with probability 100.0%
success predict file 1_00000980_001_fh.png with probability 100.0%
success predict file 1_00000980_002_fh.png with probability 100.0%
success predict file 1_00000999_000_fh.png with probability 95.54555416107178%
success predict file 1_00001005_001_fh.png with probability 100.0%
success predict file 1_00001006_023_fh.png with probability 99.99995231628418%
success predict file 1_00001024_000_fh.png with probability 100.0%
success predict file 1_00001029_010_fh.png with probability 99.99991655349731%
success predict file 1_00001029_014_fh.png with probability 98.5190212726593%
success predict file 1_00001041_000_fh.png with probability 100.0%
success predict file 1_00001053_000_fh.png with probability 99.80762004852295%
success predict file 1_00001070_000_fh.png with probability 99.95821118354797%
success predict file 1_00001072_002_fh.png with probability 100.0%
success predict file 1_00001074_003_fh.png with probability 96.35594487190247%
success predict file 1_00001075_043_fh.png with probability 100.0%
success predict file 1_00001075_048_fh.png with probability 100.0%
success predict file 1_00001082_004_fh.png with probability 100.0%
success predict file 1_00001084_001_fh.png with probability 100.0%
success predict file 1_00001088_007_fh.png with probability 100.0%
success predict file 1_00001088_017_fh.png with probability 99.99983310699463%
success predict file 1_00001089_002_fh.png with probability 100.0%
success predict file 1_00001093_001_fh.png with probability 100.0%
success predict file 1_00001100_001_fh.png with probability 100.0%
success predict file 1_00001101_000_fh.png with probability 100.0%
success predict file 1_00001104_008_fh.png with probability 100.0%
success predict file 1_00001104_018_fh.png with probability 100.0%
success predict file 1_00001108_002_fh.png with probability 99.89508390426636%
success predict file 1_00001109_000_fh.png with probability 100.0%
success predict file 1_00001122_007_fh.png with probability 97.82842993736267%
success predict file 1_00001124_000_fh.png with probability 99.99998807907104%
success predict file 1_00001133_000_fh.png with probability 100.0%
success predict file 1_00001136_003_fh.png with probability 100.0%
success predict file 1_00001151_008_fh.png with probability 97.12037444114685%
success predict file 1_00001158_001_fh.png with probability 100.0%
success predict file 1_00001170_028_fh.png with probability 100.0%
success predict file 1_00001182_000_fh.png with probability 100.0%
success predict file 1_00001190_000_fh.png with probability 99.178546667099%
success predict file 1_00001190_001_fh.png with probability 100.0%
success predict file 1_00001200_009_fh.png with probability 99.99998807907104%
success predict file 1_00001203_015_fh.png with probability 100.0%
success predict file 1_00001205_007_fh.png with probability 100.0%
fail to calssify file 1_00001208_001.png, result is: [[  4.10661748e-11]] success predict file 1_00001213_003_fh.png with probability 100.0%
success predict file 1_00001221_004_fh.png with probability 100.0%
success predict file 1_00001222_008_fh.png with probability 99.9998927116394%
success predict file 1_00001241_000_fh.png with probability 100.0%
success predict file 1_00001248_002_fh.png with probability 99.99750852584839%
success predict file 1_00001250_005_fh.png with probability 99.99343156814575%
success predict file 1_00001250_017_fh.png with probability 100.0%
fail to calssify file 1_00001252_002_fh.png, result is: [[ 0.20902802]] success predict file 1_00001255_028_fh.png with probability 91.42448306083679%
success predict file 1_00001255_029_fh.png with probability 99.99771118164062%
success predict file 1_00001255_033_fh.png with probability 97.40782380104065%
success predict file 1_00001256_008_fh.png with probability 100.0%
success predict file 1_00001301_008_fh.png with probability 100.0%
success predict file 1_00001301_036_fh.png with probability 99.99428987503052%
success predict file 1_00001301_037_fh.png with probability 100.0%
success predict file 1_00001309_001_fh.png with probability 99.99614953994751%
success predict file 1_00001315_000_fh.png with probability 99.99997615814209%
success predict file 1_00001315_001_fh.png with probability 99.99643564224243%
success predict file 1_00001326_005_fh.png with probability 100.0%
success predict file 1_00001327_000_fh.png with probability 100.0%
success predict file 1_00001330_004_fh.png with probability 100.0%
success predict file 1_00001333_000_fh.png with probability 100.0%
success predict file 1_00001421_001_fh.png with probability 99.99947547912598%
success predict file 1_00001429_009_fh.png with probability 100.0%
success predict file 1_00001549_019_fh.png with probability 100.0%
success predict file 1_00001637_010_fh.png with probability 100.0%
success predict file 1_00001657_000_fh.png with probability 99.86069798469543%
success predict file 1_00001674_002_fh.png with probability 100.0%
success predict file 1_00001724_010_fh.png with probability 100.0%
success predict file 1_00001761_002_fh.png with probability 100.0%
fail to calssify file 1_00001836_005_fh.png, result is: [[ 0.22275208]] success predict file 1_00001836_131_fh.png with probability 99.946528673172%
success predict file 1_00002000_007_fh.png with probability 100.0%
success predict file 1_00002058_002_fh.png with probability 99.99979734420776%
success predict file 1_00002072_001_fh.png with probability 100.0%
success predict file 1_00002146_003_fh.png with probability 99.96343851089478%
success predict file 1_00002239_009_fh.png with probability 100.0%
success predict file 1_00002323_001_fh.png with probability 99.99998807907104%
success predict file 1_00002330_003_fh.png with probability 99.9908447265625%
success predict file 1_00002404_000_fh.png with probability 100.0%
success predict file 1_00002405_001_fh.png with probability 100.0%
success predict file 1_00002411_007_fh.png with probability 100.0%
success predict file 1_00002478_006_fh.png with probability 100.0%
success predict file 1_00002491_009_fh.png with probability 100.0%
success predict file 1_00002566_002_fh.png with probability 96.16628289222717%
success predict file 1_00002649_003_fh.png with probability 94.01381015777588%
success predict file 1_00002655_004_fh.png with probability 99.9998927116394%
success predict file 1_00002656_000_fh.png with probability 100.0%
success predict file 1_00002743_000_fh.png with probability 100.0%
success predict file 1_00002888_000_fh.png with probability 100.0%
success predict file 1_00002986_001_fh.png with probability 100.0%
success predict file 1_00003052_002_fh.png with probability 100.0%
success predict file 1_00003072_024_fh.png with probability 99.99998807907104%
success predict file 1_00003224_000_fh.png with probability 100.0%
success predict file 1_00003230_006_fh.png with probability 99.99974966049194%
success predict file 1_00003390_001_fh.png with probability 83.3594262599945%
success predict file 1_00003392_003_fh.png with probability 100.0%
success predict file 1_00003490_009_fh.png with probability 97.49330878257751%
success predict file 1_00003534_016_fh.png with probability 100.0%
success predict file 1_00003644_004_fh.png with probability 100.0%
success predict file 1_00003732_000_fh.png with probability 100.0%
success predict file 1_00003879_002_fh.png with probability 99.71010088920593%
success predict file 1_00006604_002_fh.png with probability 100.0%
success predict file 1_00006851_034_fh.png with probability 100.0%
success predict file 1_00007060_016_fh.png with probability 100.0%
success predict file 1_00007243_000_fh.png with probability 100.0%
success predict file 1_00007664_000_fh.png with probability 99.99839067459106%
success predict file 1_00007930_005_fh.png with probability 100.0%
fail to calssify file 1_00008395_003_fh.png, result is: [[ 0.05822133]] success predict file 1_00008477_003_fh.png with probability 100.0%
success predict file 1_00008911_002_fh.png with probability 100.0%
success predict file 1_00009037_000_fh.png with probability 100.0%
success predict file 1_00013964_000_fh.png with probability 100.0%
success predict file 1_00013993_021_fh.png with probability 99.99494552612305%
success predict file 1_00014197_008_fh.png with probability 99.99998807907104%
success predict file 1_00014251_010_fh.png with probability 99.98065829277039%
success predict file 1_00014281_000_fh.png with probability 99.96750354766846%
success predict file 1_00014615_001_fh.png with probability 99.99963045120239%
success predict file 1_00014688_001_fh.png with probability 99.99994039535522%
success predict file 1_00015190_007_fh.png with probability 99.99529123306274%
success predict file 1_00015594_000_fh.png with probability 100.0%
success predict file 1_00015758_000_fh.png with probability 100.0%
success predict file 1_00015856_006_fh.png with probability 100.0%
success predict file 1_00028553_000_fh.png with probability 100.0%
success predict file 1_00028864_001_fh.png with probability 99.74350333213806%
success predict file 1_00029036_000_fh.png with probability 80.9896469116211%
success predict file 1_00029365_000_fh.png with probability 100.0%
success predict file 1_00029750_001_fh.png with probability 100.0%
success predict file 1_00030046_006_fh.png with probability 100.0%
success predict file 1_00030079_018_fh.png with probability 99.9825656414032%
success predict file 1_00030134_002_fh.png with probability 99.99799728393555%
success predict file 1_00030544_000_fh.png with probability 99.99420642852783%
success predict file 1_10.1224.176.1104.132.149.20151202093241.34_fh.png with probability 100.0%
success predict file 1_10.1224.176.1104.132.149.20151203092917.74_fh.png with probability 100.0%
success predict file 1_10.1224.176.1104.132.149.20151203094431.100_fh.png with probability 100.0%
success predict file 1_10.1224.176.1104.132.149.20151203100624.130_fh.png with probability 99.42845702171326%
success predict file 1_10.1224.176.1104.132.149.20151203113953.176_fh.png with probability 100.0%
success predict file 1_164.122.1159.1243.1221.1116.20151202083048.16_fh.png with probability 100.0%
success predict file 1_164.122.1159.1243.1221.1116.20151202103012.20_fh.png with probability 100.0%
success predict file 1_164.122.1159.1243.1221.1116.20151202113543.58_fh.png with probability 100.0%
success predict file 1_164.122.1159.1243.1247.19.20141207093033.16_fh.png with probability 100.0%
success predict file 1_196.1164.176.1178.196.192.20141204110425.44_fh.png with probability 100.0%
success predict file 1_196.1164.176.1178.196.192.20141204154040.16_fh.png with probability 100.0%
success predict file 1_196.1164.176.1178.196.192.20141206105806.32_fh.png with probability 100.0%
fail to calssify file 1_196.1164.176.1178.196.192.20141206164254.12_fh.png, result is: [[ 0.20456135]] success predict file 1_196.1164.176.1178.196.192.20141207155426.32_fh.png with probability 100.0%
success predict file 1_196.1164.176.1178.196.192.20141207163147.58_fh.png with probability 99.9995231628418%
